SF:lib/recents/animator/list_adapter.dart
DA:11,2
DA:14,2
DA:15,2
DA:18,2
DA:19,4
DA:20,8
DA:21,14
DA:25,6
DA:27,6
DA:29,1
DA:30,4
DA:31,0
DA:33,5
DA:36,1
DA:37,4
DA:38,2
DA:40,2
DA:43,1
DA:44,5
DA:45,1
DA:46,1
DA:49,0
DA:50,0
DA:51,0
DA:52,0
DA:55,1
DA:56,1
DA:58,1
DA:61,1
DA:62,4
DA:63,2
DA:65,2
DA:66,1
DA:67,1
LF:34
LH:29
end_of_record
SF:lib/recents/algorithms/grid_layout_algorithm.dart
DA:36,1
DA:46,0
DA:49,0
DA:51,1
DA:57,1
DA:59,1
DA:60,2
DA:62,6
DA:67,1
DA:81,1
DA:84,1
DA:86,2
DA:88,1
DA:99,1
DA:111,1
DA:120,2
DA:121,2
DA:123,4
DA:124,4
DA:125,2
DA:129,7
DA:131,8
DA:133,1
DA:134,1
DA:144,1
DA:153,2
DA:154,2
DA:156,4
DA:157,4
DA:159,2
DA:162,8
DA:164,7
DA:166,1
DA:167,1
DA:177,1
DA:191,1
DA:194,1
DA:195,2
DA:196,1
DA:197,0
DA:200,2
DA:201,1
DA:203,6
DA:206,2
DA:211,1
DA:225,1
DA:228,1
DA:229,2
DA:230,1
DA:231,0
DA:234,2
DA:237,2
DA:238,5
DA:240,1
DA:241,4
DA:242,1
DA:248,0
DA:256,0
DA:257,0
LF:59
LH:52
end_of_record
SF:lib/recents/algorithms/layout_algorithm.dart
DA:48,3
DA:58,0
DA:60,0
DA:61,0
DA:62,0
DA:91,0
DA:92,0
DA:104,1
DA:118,1
DA:119,0
DA:123,1
DA:138,1
DA:139,0
LF:13
LH:5
end_of_record
SF:lib/recents/algorithms/stack_layout_algorithm.dart
DA:9,1
DA:17,1
DA:18,3
DA:21,0
DA:30,0
DA:33,0
DA:40,0
DA:44,0
DA:48,1
DA:62,1
DA:64,2
DA:67,1
DA:72,2
DA:73,3
DA:75,1
DA:78,1
DA:79,4
DA:82,1
DA:83,1
DA:91,1
DA:92,1
DA:93,1
DA:94,1
DA:95,1
DA:98,1
DA:99,2
DA:102,1
DA:105,4
DA:112,0
DA:113,1
DA:117,1
DA:120,1
DA:121,1
DA:125,1
DA:137,1
DA:151,1
DA:154,1
DA:157,3
DA:161,1
DA:162,0
DA:177,0
DA:181,0
DA:186,0
DA:189,1
DA:192,1
DA:206,1
DA:209,1
DA:212,4
DA:215,1
DA:216,1
DA:230,2
DA:231,0
DA:234,2
DA:243,1
DA:245,1
DA:248,1
DA:254,1
DA:255,5
DA:256,1
DA:260,1
DA:261,3
DA:264,1
DA:272,2
DA:273,3
DA:274,5
DA:275,1
DA:279,1
DA:280,4
DA:283,1
DA:284,2
DA:285,1
DA:288,1
DA:289,2
DA:292,1
DA:293,2
DA:296,1
DA:297,2
DA:300,1
DA:301,2
LF:79
LH:68
end_of_record
SF:lib/recents/animator/item_animator_controller.dart
DA:22,1
DA:23,2
DA:25,0
DA:32,1
DA:39,0
DA:40,0
DA:45,1
DA:46,4
DA:50,1
DA:51,2
DA:52,3
DA:57,1
DA:58,1
DA:62,1
DA:63,2
DA:76,1
DA:83,1
DA:84,4
DA:85,2
DA:88,1
DA:95,1
DA:97,3
DA:98,2
DA:99,1
DA:102,1
DA:106,1
DA:112,2
DA:113,2
DA:115,2
DA:116,2
DA:119,2
DA:125,2
DA:133,2
DA:134,3
DA:135,3
DA:137,2
DA:139,2
DA:140,1
DA:141,1
DA:146,2
DA:152,1
DA:157,1
DA:159,2
DA:160,2
DA:161,2
DA:162,1
DA:163,2
DA:167,0
DA:170,1
DA:171,1
DA:172,1
DA:181,1
DA:183,3
DA:184,1
DA:186,2
DA:187,1
LF:56
LH:52
end_of_record
SF:lib/recents/animator/item_animator.dart
DA:22,1
DA:35,0
DA:47,0
DA:48,0
DA:49,0
DA:50,0
DA:51,0
DA:52,0
DA:53,0
DA:54,0
DA:55,0
DA:56,0
DA:75,0
DA:86,0
DA:87,0
DA:93,0
DA:95,0
DA:96,0
DA:97,0
DA:98,0
DA:102,0
DA:104,0
DA:105,0
DA:108,0
DA:110,0
DA:111,0
DA:112,0
DA:115,0
DA:117,0
DA:118,0
DA:119,0
DA:120,0
DA:121,0
DA:122,0
DA:123,0
DA:124,0
DA:125,0
DA:127,0
LF:38
LH:1
end_of_record
SF:lib/recents/layoutable_list_widget.dart
DA:141,0
DA:156,0
DA:158,0
DA:159,0
DA:160,0
DA:161,0
DA:162,0
DA:163,0
DA:164,0
DA:165,0
DA:166,0
DA:167,0
DA:168,0
DA:169,0
DA:170,0
DA:171,0
DA:172,0
DA:198,0
DA:209,0
DA:212,0
DA:214,0
DA:215,0
DA:216,0
DA:217,0
DA:218,0
DA:219,0
DA:220,0
DA:224,0
DA:230,0
DA:231,0
DA:232,0
DA:233,0
DA:234,0
DA:235,0
DA:238,0
DA:240,0
DA:255,0
DA:256,0
DA:257,0
DA:258,0
DA:260,0
DA:261,0
DA:265,0
DA:266,0
DA:267,0
DA:268,0
DA:269,0
DA:273,0
DA:274,0
DA:275,0
DA:276,0
DA:277,0
DA:280,0
DA:295,0
DA:297,0
DA:300,0
DA:302,0
DA:303,0
DA:305,0
DA:306,0
DA:308,0
DA:312,0
DA:313,0
DA:314,0
DA:315,0
DA:316,0
DA:320,0
DA:321,0
DA:322,0
DA:323,0
DA:324,0
DA:328,0
DA:329,0
DA:330,0
DA:331,0
DA:332,0
DA:335,0
DA:337,0
DA:340,0
DA:342,0
DA:345,0
DA:347,0
DA:348,0
DA:350,0
DA:353,0
DA:356,0
DA:357,0
DA:359,0
DA:371,0
DA:373,0
DA:374,0
DA:375,0
DA:376,0
DA:377,0
DA:378,0
DA:379,0
DA:380,0
DA:381,0
DA:382,0
DA:386,0
DA:389,0
DA:390,0
DA:394,0
DA:395,0
DA:396,0
DA:401,0
DA:402,0
DA:403,0
DA:404,0
DA:405,0
DA:406,0
DA:409,0
DA:411,0
DA:412,0
DA:415,0
DA:418,0
DA:422,0
DA:424,0
DA:427,0
DA:429,0
DA:430,0
DA:437,0
DA:440,0
DA:442,0
DA:445,0
DA:449,0
DA:454,0
DA:456,0
DA:457,0
DA:462,0
DA:465,0
DA:474,0
DA:477,0
DA:480,0
DA:482,0
DA:485,0
DA:486,0
DA:491,0
DA:492,0
DA:495,0
DA:499,0
DA:500,0
DA:504,0
DA:505,0
DA:506,0
DA:510,0
DA:514,0
DA:516,0
DA:517,0
DA:519,0
DA:520,0
DA:521,0
DA:522,0
DA:523,0
DA:524,0
DA:525,0
DA:526,0
DA:527,0
DA:533,0
DA:535,0
DA:536,0
DA:538,0
DA:539,0
DA:540,0
DA:541,0
DA:542,0
DA:543,0
DA:544,0
DA:545,0
DA:546,0
DA:552,0
DA:554,0
DA:557,0
DA:558,0
DA:559,0
DA:563,0
DA:566,0
DA:569,0
DA:570,0
DA:571,0
DA:575,0
DA:581,0
DA:582,0
DA:584,0
DA:592,0
DA:597,0
DA:599,0
DA:603,0
DA:607,0
DA:608,0
DA:611,0
DA:612,0
DA:616,0
DA:619,0
DA:621,0
LF:195
LH:0
end_of_record
SF:lib/service_holder.dart
DA:4,2
DA:6,1
DA:7,1
DA:8,0
DA:14,1
DA:17,1
DA:18,1
LF:7
LH:6
end_of_record
SF:lib/recents/animator/animated_size_box.dart
DA:16,0
DA:21,0
DA:24,0
DA:25,0
DA:26,0
DA:27,0
DA:29,0
DA:30,0
DA:32,0
DA:33,0
DA:54,0
DA:58,0
DA:59,0
DA:60,0
DA:63,0
DA:64,0
DA:67,0
DA:69,0
DA:70,0
DA:71,0
DA:72,0
DA:73,0
DA:74,0
DA:77,0
DA:78,0
DA:79,0
DA:81,0
DA:82,0
DA:84,0
DA:85,0
DA:86,0
DA:87,0
DA:89,0
DA:90,0
DA:94,0
DA:95,0
DA:97,0
DA:98,0
DA:102,0
DA:103,0
DA:106,0
DA:108,0
DA:109,0
DA:110,0
DA:136,0
DA:146,0
DA:147,0
DA:157,0
DA:159,0
DA:160,0
DA:161,0
DA:162,0
DA:163,0
DA:164,0
DA:167,0
DA:168,0
DA:169,0
DA:172,0
DA:174,0
DA:175,0
DA:177,0
DA:179,0
DA:180,0
DA:181,0
DA:182,0
DA:185,0
DA:186,0
DA:187,0
DA:191,0
DA:192,0
DA:193,0
DA:194,0
DA:195,0
DA:199,0
DA:201,0
DA:202,0
DA:203,0
DA:204,0
DA:206,0
DA:209,0
DA:211,0
DA:212,0
DA:213,0
DA:214,0
DA:215,0
DA:216,0
DA:217,0
DA:222,0
DA:223,0
DA:224,0
DA:229,0
LF:91
LH:0
end_of_record
SF:lib/recents/animator/animation_widget.dart
DA:13,0
DA:19,0
DA:21,0
DA:22,0
DA:23,0
DA:24,0
DA:25,0
DA:35,1
DA:55,1
DA:69,0
DA:79,0
DA:80,0
DA:81,0
DA:82,0
DA:83,0
DA:84,0
DA:85,0
DA:86,0
DA:87,0
DA:96,0
DA:102,0
DA:103,0
DA:113,0
DA:115,0
DA:116,0
DA:118,0
DA:120,0
DA:121,0
DA:124,0
DA:126,0
DA:127,0
DA:128,0
DA:129,0
DA:130,0
DA:134,0
DA:136,0
DA:137,0
DA:138,0
DA:141,0
DA:142,0
DA:143,0
DA:144,0
DA:147,0
DA:148,0
DA:149,0
DA:152,0
DA:153,0
DA:155,0
DA:156,0
DA:157,0
DA:158,0
DA:160,0
DA:161,0
DA:162,0
DA:163,0
DA:165,0
DA:166,0
DA:167,0
DA:168,0
DA:171,0
DA:172,0
DA:173,0
DA:174,0
DA:179,0
DA:180,0
DA:181,0
DA:182,0
DA:183,0
DA:184,0
DA:189,0
DA:193,0
DA:197,0
DA:199,0
DA:200,0
DA:201,0
DA:202,0
DA:203,0
DA:204,0
DA:205,0
DA:207,0
DA:208,0
DA:209,0
DA:210,0
DA:211,0
DA:212,0
DA:213,0
DA:218,0
LF:87
LH:2
end_of_record
SF:lib/recents/base/custom_sliver_fixed_extent_base.dart
DA:20,0
DA:37,0
DA:45,0
DA:54,0
DA:56,0
DA:57,0
DA:58,0
DA:59,0
DA:62,0
DA:74,0
DA:76,0
DA:77,0
DA:78,0
DA:79,0
DA:80,0
DA:82,0
DA:87,0
DA:94,0
DA:115,0
DA:117,0
DA:120,0
DA:121,0
DA:123,0
DA:124,0
DA:125,0
DA:130,0
DA:131,0
DA:133,0
DA:134,0
DA:135,0
DA:145,0
DA:147,0
DA:148,0
DA:149,0
DA:153,0
DA:155,0
DA:156,0
DA:157,0
DA:159,0
DA:160,0
DA:161,0
DA:162,0
DA:163,0
DA:164,0
DA:166,0
DA:167,0
DA:168,0
DA:170,0
DA:171,0
DA:172,0
DA:173,0
DA:175,0
DA:178,0
DA:179,0
DA:181,0
DA:182,0
DA:186,0
DA:193,0
DA:194,0
DA:199,0
DA:202,0
DA:203,0
DA:204,0
DA:209,0
DA:210,0
DA:211,0
DA:212,0
DA:215,0
DA:216,0
DA:217,0
DA:218,0
DA:224,0
DA:227,0
DA:228,0
DA:229,0
DA:231,0
DA:235,0
DA:236,0
DA:237,0
DA:239,0
DA:242,0
DA:243,0
DA:244,0
DA:245,0
DA:247,0
DA:255,0
DA:261,0
DA:267,0
DA:268,0
DA:269,0
DA:271,0
DA:277,0
DA:278,0
DA:283,0
DA:284,0
DA:286,0
LF:96
LH:0
end_of_record
